<?xml version="1.0" encoding="UTF-8"?>
<testsuite name="RationalTest" tests="7" skipped="0" failures="0" errors="0" timestamp="2022-09-12T04:36:05" hostname="DESKTOP-IOO5UO7" time="0.014">
  <properties/>
  <testcase name="testAdd" classname="RationalTest" time="0.008"/>
  <testcase name="testSubtract" classname="RationalTest" time="0.001"/>
  <testcase name="testEqual" classname="RationalTest" time="0.0"/>
  <testcase name="testToString" classname="RationalTest" time="0.003"/>
  <testcase name="testCompare" classname="RationalTest" time="0.0"/>
  <testcase name="testDivide" classname="RationalTest" time="0.001"/>
  <testcase name="testMultiply" classname="RationalTest" time="0.0"/>
  <system-out><![CDATA[]]></system-out>
  <system-err><![CDATA[]]></system-err>
</testsuite>
